  CSVReadIn (MySQL).cpp
CSVReadIn (MySQL).cpp(45): warning C4244: 'argument' : conversion from 'time_t' to 'unsigned int', possible loss of data
CSVReadIn (MySQL).cpp(67): warning C4018: '<' : signed/unsigned mismatch
CSVReadIn (MySQL).cpp(482): warning C4101: 'e' : unreferenced local variable
CSVReadIn (MySQL).cpp(578): warning C4101: 'e' : unreferenced local variable
CSVReadIn (MySQL).cpp(593): warning C4101: 'e' : unreferenced local variable
CSVReadIn (MySQL).cpp(647): warning C4018: '<' : signed/unsigned mismatch
  Generating code
  Finished generating code
mysqlcppconn-static.lib(mysql_art_resultset.obj) : warning LNK4099: PDB 'vc120.pdb' was not found with 'mysqlcppconn-static.lib(mysql_art_resultset.obj)' or at 'C:\Users\NguyenChris\Desktop\Folders\VS Programs\CSVReadIn (MySQL)\Release\vc120.pdb'; linking object as if no debug info
mysqlcppconn-static.lib(mysql_art_rset_metadata.obj) : warning LNK4099: PDB 'vc120.pdb' was not found with 'mysqlcppconn-static.lib(mysql_art_rset_metadata.obj)' or at 'C:\Users\NguyenChris\Desktop\Folders\VS Programs\CSVReadIn (MySQL)\Release\vc120.pdb'; linking object as if no debug info
mysqlcppconn-static.lib(mysql_connection.obj) : warning LNK4099: PDB 'vc120.pdb' was not found with 'mysqlcppconn-static.lib(mysql_connection.obj)' or at 'C:\Users\NguyenChris\Desktop\Folders\VS Programs\CSVReadIn (MySQL)\Release\vc120.pdb'; linking object as if no debug info
mysqlcppconn-static.lib(mysql_debug.obj) : warning LNK4099: PDB 'vc120.pdb' was not found with 'mysqlcppconn-static.lib(mysql_debug.obj)' or at 'C:\Users\NguyenChris\Desktop\Folders\VS Programs\CSVReadIn (MySQL)\Release\vc120.pdb'; linking object as if no debug info
mysqlcppconn-static.lib(mysql_driver.obj) : warning LNK4099: PDB 'vc120.pdb' was not found with 'mysqlcppconn-static.lib(mysql_driver.obj)' or at 'C:\Users\NguyenChris\Desktop\Folders\VS Programs\CSVReadIn (MySQL)\Release\vc120.pdb'; linking object as if no debug info
mysqlcppconn-static.lib(mysql_metadata.obj) : warning LNK4099: PDB 'vc120.pdb' was not found with 'mysqlcppconn-static.lib(mysql_metadata.obj)' or at 'C:\Users\NguyenChris\Desktop\Folders\VS Programs\CSVReadIn (MySQL)\Release\vc120.pdb'; linking object as if no debug info
mysqlcppconn-static.lib(mysql_parameter_metadata.obj) : warning LNK4099: PDB 'vc120.pdb' was not found with 'mysqlcppconn-static.lib(mysql_parameter_metadata.obj)' or at 'C:\Users\NguyenChris\Desktop\Folders\VS Programs\CSVReadIn (MySQL)\Release\vc120.pdb'; linking object as if no debug info
mysqlcppconn-static.lib(mysql_prepared_statement.obj) : warning LNK4099: PDB 'vc120.pdb' was not found with 'mysqlcppconn-static.lib(mysql_prepared_statement.obj)' or at 'C:\Users\NguyenChris\Desktop\Folders\VS Programs\CSVReadIn (MySQL)\Release\vc120.pdb'; linking object as if no debug info
mysqlcppconn-static.lib(mysql_ps_resultset.obj) : warning LNK4099: PDB 'vc120.pdb' was not found with 'mysqlcppconn-static.lib(mysql_ps_resultset.obj)' or at 'C:\Users\NguyenChris\Desktop\Folders\VS Programs\CSVReadIn (MySQL)\Release\vc120.pdb'; linking object as if no debug info
mysqlcppconn-static.lib(mysql_ps_resultset_metadata.obj) : warning LNK4099: PDB 'vc120.pdb' was not found with 'mysqlcppconn-static.lib(mysql_ps_resultset_metadata.obj)' or at 'C:\Users\NguyenChris\Desktop\Folders\VS Programs\CSVReadIn (MySQL)\Release\vc120.pdb'; linking object as if no debug info
mysqlcppconn-static.lib(mysql_resultbind.obj) : warning LNK4099: PDB 'vc120.pdb' was not found with 'mysqlcppconn-static.lib(mysql_resultbind.obj)' or at 'C:\Users\NguyenChris\Desktop\Folders\VS Programs\CSVReadIn (MySQL)\Release\vc120.pdb'; linking object as if no debug info
mysqlcppconn-static.lib(mysql_resultset.obj) : warning LNK4099: PDB 'vc120.pdb' was not found with 'mysqlcppconn-static.lib(mysql_resultset.obj)' or at 'C:\Users\NguyenChris\Desktop\Folders\VS Programs\CSVReadIn (MySQL)\Release\vc120.pdb'; linking object as if no debug info
mysqlcppconn-static.lib(mysql_resultset_metadata.obj) : warning LNK4099: PDB 'vc120.pdb' was not found with 'mysqlcppconn-static.lib(mysql_resultset_metadata.obj)' or at 'C:\Users\NguyenChris\Desktop\Folders\VS Programs\CSVReadIn (MySQL)\Release\vc120.pdb'; linking object as if no debug info
mysqlcppconn-static.lib(mysql_statement.obj) : warning LNK4099: PDB 'vc120.pdb' was not found with 'mysqlcppconn-static.lib(mysql_statement.obj)' or at 'C:\Users\NguyenChris\Desktop\Folders\VS Programs\CSVReadIn (MySQL)\Release\vc120.pdb'; linking object as if no debug info
mysqlcppconn-static.lib(mysql_util.obj) : warning LNK4099: PDB 'vc120.pdb' was not found with 'mysqlcppconn-static.lib(mysql_util.obj)' or at 'C:\Users\NguyenChris\Desktop\Folders\VS Programs\CSVReadIn (MySQL)\Release\vc120.pdb'; linking object as if no debug info
mysqlcppconn-static.lib(mysql_warning.obj) : warning LNK4099: PDB 'vc120.pdb' was not found with 'mysqlcppconn-static.lib(mysql_warning.obj)' or at 'C:\Users\NguyenChris\Desktop\Folders\VS Programs\CSVReadIn (MySQL)\Release\vc120.pdb'; linking object as if no debug info
mysqlcppconn-static.lib(mysql_uri.obj) : warning LNK4099: PDB 'vc120.pdb' was not found with 'mysqlcppconn-static.lib(mysql_uri.obj)' or at 'C:\Users\NguyenChris\Desktop\Folders\VS Programs\CSVReadIn (MySQL)\Release\vc120.pdb'; linking object as if no debug info
mysqlcppconn-static.lib(mysql_client_api.obj) : warning LNK4099: PDB 'vc120.pdb' was not found with 'mysqlcppconn-static.lib(mysql_client_api.obj)' or at 'C:\Users\NguyenChris\Desktop\Folders\VS Programs\CSVReadIn (MySQL)\Release\vc120.pdb'; linking object as if no debug info
mysqlcppconn-static.lib(mysql_native_driver_wrapper.obj) : warning LNK4099: PDB 'vc120.pdb' was not found with 'mysqlcppconn-static.lib(mysql_native_driver_wrapper.obj)' or at 'C:\Users\NguyenChris\Desktop\Folders\VS Programs\CSVReadIn (MySQL)\Release\vc120.pdb'; linking object as if no debug info
mysqlcppconn-static.lib(mysql_native_connection_wrapper.obj) : warning LNK4099: PDB 'vc120.pdb' was not found with 'mysqlcppconn-static.lib(mysql_native_connection_wrapper.obj)' or at 'C:\Users\NguyenChris\Desktop\Folders\VS Programs\CSVReadIn (MySQL)\Release\vc120.pdb'; linking object as if no debug info
mysqlcppconn-static.lib(mysql_native_statement_wrapper.obj) : warning LNK4099: PDB 'vc120.pdb' was not found with 'mysqlcppconn-static.lib(mysql_native_statement_wrapper.obj)' or at 'C:\Users\NguyenChris\Desktop\Folders\VS Programs\CSVReadIn (MySQL)\Release\vc120.pdb'; linking object as if no debug info
mysqlcppconn-static.lib(mysql_native_resultset_wrapper.obj) : warning LNK4099: PDB 'vc120.pdb' was not found with 'mysqlcppconn-static.lib(mysql_native_resultset_wrapper.obj)' or at 'C:\Users\NguyenChris\Desktop\Folders\VS Programs\CSVReadIn (MySQL)\Release\vc120.pdb'; linking object as if no debug info
  CSVReadIn (MySQL).vcxproj -> C:\Users\NguyenChris\Desktop\Folders\VS Programs\CSVReadIn (MySQL)\Release\CSVReadIn (MySQL).exe
